# JRE version: OpenJDK Runtime Environment Temurin-17.0.10+7 (17.0.10+7) (build 17.0.10+7)
# Java VM: OpenJDK 64-Bit Server VM Temurin-17.0.10+7 (17.0.10+7, mixed mode, emulated-client, tiered, compressed oops, compressed class ptrs, g1 gc, windows-amd64)
GC Precious Log:
 CPUs: 4 total, 4 available
 Memory: 3930M
 Large Page Support: Disabled
 NUMA Support: Disabled
 Compressed Oops: Enabled (32-bit)
 Heap Region Size: 1M
 Heap Min Capacity: 8M
 Heap Initial Capacity: 62M
 Heap Max Capacity: 1G
 Pre-touch: Disabled
 Parallel Workers: 4
 Concurrent Workers: 1
 Concurrent Refinement Workers: 4
 Periodic GC: Disabled
Heap:
 garbage-first heap   total 63488K, used 23888K [0x00000000c0000000, 0x0000000100000000)
  region size 1024K, 1 young (1024K), 0 survivors (0K)
 Metaspace       used 37755K, committed 38336K, reserved 1114112K
  class space    used 4914K, committed 5184K, reserved 1048576K
GC Heap History (20 events):
Event: 7536.428 GC heap before
{Heap before GC invocations=718 (full 705):
 garbage-first heap   total 63488K, used 23888K [0x00000000c0000000, 0x0000000100000000)
  region size 1024K, 1 young (1024K), 0 survivors (0K)
 Metaspace       used 37755K, committed 38336K, reserved 1114112K
  class space    used 4914K, committed 5184K, reserved 1048576K
}
Event: 7536.460 GC heap after
{Heap after GC invocations=719 (full 706):
 garbage-first heap   total 63488K, used 23888K [0x00000000c0000000, 0x0000000100000000)
  region size 1024K, 0 young (0K), 0 survivors (0K)
 Metaspace       used 37755K, committed 38336K, reserved 1114112K
  class space    used 4914K, committed 5184K, reserved 1048576K
}
Event: 7546.623 GC heap before
{Heap before GC invocations=719 (full 706):
 garbage-first heap   total 63488K, used 23888K [0x00000000c0000000, 0x0000000100000000)
  region size 1024K, 1 young (1024K), 0 survivors (0K)
 Metaspace       used 37755K, committed 38336K, reserved 1114112K
  class space    used 4914K, committed 5184K, reserved 1048576K
}
Event: 7546.645 GC heap after
{Heap after GC invocations=720 (full 707):
 garbage-first heap   total 63488K, used 23888K [0x00000000c0000000, 0x0000000100000000)
  region size 1024K, 0 young (0K), 0 survivors (0K)
 Metaspace       used 37755K, committed 38336K, reserved 1114112K
  class space    used 4914K, committed 5184K, reserved 1048576K
}
Event: 7557.044 GC heap before
{Heap before GC invocations=720 (full 707):
 garbage-first heap   total 63488K, used 23888K [0x00000000c0000000, 0x0000000100000000)
  region size 1024K, 1 young (1024K), 0 survivors (0K)
 Metaspace       used 37755K, committed 38336K, reserved 1114112K
  class space    used 4914K, committed 5184K, reserved 1048576K
}
Event: 7557.067 GC heap after
{Heap after GC invocations=721 (full 708):
 garbage-first heap   total 63488K, used 23888K [0x00000000c0000000, 0x0000000100000000)
  region size 1024K, 0 young (0K), 0 survivors (0K)
 Metaspace       used 37755K, committed 38336K, reserved 1114112K
  class space    used 4914K, committed 5184K, reserved 1048576K
}
Event: 7567.259 GC heap before
{Heap before GC invocations=721 (full 708):
 garbage-first heap   total 63488K, used 23888K [0x00000000c0000000, 0x0000000100000000)
  region size 1024K, 1 young (1024K), 0 survivors (0K)
 Metaspace       used 37755K, committed 38336K, reserved 1114112K
  class space    used 4914K, committed 5184K, reserved 1048576K
}
Event: 7567.283 GC heap after
{Heap after GC invocations=722 (full 709):
 garbage-first heap   total 63488K, used 23888K [0x00000000c0000000, 0x0000000100000000)
  region size 1024K, 0 young (0K), 0 survivors (0K)
 Metaspace       used 37755K, committed 38336K, reserved 1114112K
  class space    used 4914K, committed 5184K, reserved 1048576K
}
Event: 7577.469 GC heap before
{Heap before GC invocations=722 (full 709):
 garbage-first heap   total 63488K, used 23888K [0x00000000c0000000, 0x0000000100000000)
  region size 1024K, 1 young (1024K), 0 survivors (0K)
 Metaspace       used 37755K, committed 38336K, reserved 1114112K
  class space    used 4914K, committed 5184K, reserved 1048576K
}
Event: 7577.490 GC heap after
{Heap after GC invocations=723 (full 710):
 garbage-first heap   total 63488K, used 23888K [0x00000000c0000000, 0x0000000100000000)
  region size 1024K, 0 young (0K), 0 survivors (0K)
 Metaspace       used 37755K, committed 38336K, reserved 1114112K
  class space    used 4914K, committed 5184K, reserved 1048576K
}
Event: 7587.664 GC heap before
{Heap before GC invocations=723 (full 710):
 garbage-first heap   total 63488K, used 23888K [0x00000000c0000000, 0x0000000100000000)
  region size 1024K, 1 young (1024K), 0 survivors (0K)
 Metaspace       used 37755K, committed 38336K, reserved 1114112K
  class space    used 4914K, committed 5184K, reserved 1048576K
}
Event: 7587.686 GC heap after
{Heap after GC invocations=724 (full 711):
 garbage-first heap   total 63488K, used 23888K [0x00000000c0000000, 0x0000000100000000)
  region size 1024K, 0 young (0K), 0 survivors (0K)
 Metaspace       used 37755K, committed 38336K, reserved 1114112K
  class space    used 4914K, committed 5184K, reserved 1048576K
}
Event: 7597.854 GC heap before
{Heap before GC invocations=724 (full 711):
 garbage-first heap   total 63488K, used 23888K [0x00000000c0000000, 0x0000000100000000)
  region size 1024K, 1 young (1024K), 0 survivors (0K)
 Metaspace       used 37755K, committed 38336K, reserved 1114112K
  class space    used 4914K, committed 5184K, reserved 1048576K
}
Event: 7597.876 GC heap after
{Heap after GC invocations=725 (full 712):
 garbage-first heap   total 63488K, used 23888K [0x00000000c0000000, 0x0000000100000000)
  region size 1024K, 0 young (0K), 0 survivors (0K)
 Metaspace       used 37755K, committed 38336K, reserved 1114112K
  class space    used 4914K, committed 5184K, reserved 1048576K
}
Event: 7608.057 GC heap before
{Heap before GC invocations=725 (full 712):
 garbage-first heap   total 63488K, used 23888K [0x00000000c0000000, 0x0000000100000000)
  region size 1024K, 1 young (1024K), 0 survivors (0K)
 Metaspace       used 37755K, committed 38336K, reserved 1114112K
  class space    used 4914K, committed 5184K, reserved 1048576K
}
Event: 7608.078 GC heap after
{Heap after GC invocations=726 (full 713):
 garbage-first heap   total 63488K, used 23888K [0x00000000c0000000, 0x0000000100000000)
  region size 1024K, 0 young (0K), 0 survivors (0K)
 Metaspace       used 37755K, committed 38336K, reserved 1114112K
  class space    used 4914K, committed 5184K, reserved 1048576K
}
Event: 7619.013 GC heap before
{Heap before GC invocations=726 (full 713):
 garbage-first heap   total 63488K, used 23888K [0x00000000c0000000, 0x0000000100000000)
  region size 1024K, 1 young (1024K), 0 survivors (0K)
 Metaspace       used 37755K, committed 38336K, reserved 1114112K
  class space    used 4914K, committed 5184K, reserved 1048576K
}
Event: 7619.316 GC heap after
{Heap after GC invocations=727 (full 714):
 garbage-first heap   total 63488K, used 23888K [0x00000000c0000000, 0x0000000100000000)
  region size 1024K, 0 young (0K), 0 survivors (0K)
 Metaspace       used 37755K, committed 38336K, reserved 1114112K
  class space    used 4914K, committed 5184K, reserved 1048576K
}
Event: 7630.548 GC heap before
{Heap before GC invocations=727 (full 714):
 garbage-first heap   total 63488K, used 23888K [0x00000000c0000000, 0x0000000100000000)
  region size 1024K, 1 young (1024K), 0 survivors (0K)
 Metaspace       used 37755K, committed 38336K, reserved 1114112K
  class space    used 4914K, committed 5184K, reserved 1048576K
}
Event: 7630.702 GC heap after
{Heap after GC invocations=728 (full 715):
 garbage-first heap   total 63488K, used 23888K [0x00000000c0000000, 0x0000000100000000)
  region size 1024K, 0 young (0K), 0 survivors (0K)
 Metaspace       used 37755K, committed 38336K, reserved 1114112K
  class space    used 4914K, committed 5184K, reserved 1048576K
}

