# JRE version: OpenJDK Runtime Environment Temurin-17.0.10+7 (17.0.10+7) (build 17.0.10+7)
# Java VM: OpenJDK 64-Bit Server VM Temurin-17.0.10+7 (17.0.10+7, mixed mode, emulated-client, tiered, compressed oops, compressed class ptrs, g1 gc, windows-amd64)
GC Precious Log:
 CPUs: 4 total, 4 available
 Memory: 3930M
 Large Page Support: Disabled
 NUMA Support: Disabled
 Compressed Oops: Enabled (32-bit)
 Heap Region Size: 1M
 Heap Min Capacity: 8M
 Heap Initial Capacity: 62M
 Heap Max Capacity: 1G
 Pre-touch: Disabled
 Parallel Workers: 4
 Concurrent Workers: 1
 Concurrent Refinement Workers: 4
 Periodic GC: Disabled
Heap:
 garbage-first heap   total 80896K, used 37276K [0x00000000c0000000, 0x0000000100000000)
  region size 1024K, 1 young (1024K), 0 survivors (0K)
 Metaspace       used 61539K, committed 61952K, reserved 1114112K
  class space    used 7741K, committed 7936K, reserved 1048576K
GC Heap History (20 events):
Event: 18426.364 GC heap before
{Heap before GC invocations=1738 (full 1685):
 garbage-first heap   total 80896K, used 37276K [0x00000000c0000000, 0x0000000100000000)
  region size 1024K, 1 young (1024K), 0 survivors (0K)
 Metaspace       used 61539K, committed 61952K, reserved 1114112K
  class space    used 7741K, committed 7936K, reserved 1048576K
}
Event: 18426.444 GC heap after
{Heap after GC invocations=1739 (full 1686):
 garbage-first heap   total 80896K, used 37276K [0x00000000c0000000, 0x0000000100000000)
  region size 1024K, 0 young (0K), 0 survivors (0K)
 Metaspace       used 61539K, committed 61952K, reserved 1114112K
  class space    used 7741K, committed 7936K, reserved 1048576K
}
Event: 18436.870 GC heap before
{Heap before GC invocations=1739 (full 1686):
 garbage-first heap   total 80896K, used 37276K [0x00000000c0000000, 0x0000000100000000)
  region size 1024K, 1 young (1024K), 0 survivors (0K)
 Metaspace       used 61539K, committed 61952K, reserved 1114112K
  class space    used 7741K, committed 7936K, reserved 1048576K
}
Event: 18437.003 GC heap after
{Heap after GC invocations=1740 (full 1687):
 garbage-first heap   total 80896K, used 37276K [0x00000000c0000000, 0x0000000100000000)
  region size 1024K, 0 young (0K), 0 survivors (0K)
 Metaspace       used 61539K, committed 61952K, reserved 1114112K
  class space    used 7741K, committed 7936K, reserved 1048576K
}
Event: 18447.227 GC heap before
{Heap before GC invocations=1740 (full 1687):
 garbage-first heap   total 80896K, used 37276K [0x00000000c0000000, 0x0000000100000000)
  region size 1024K, 1 young (1024K), 0 survivors (0K)
 Metaspace       used 61539K, committed 61952K, reserved 1114112K
  class space    used 7741K, committed 7936K, reserved 1048576K
}
Event: 18447.307 GC heap after
{Heap after GC invocations=1741 (full 1688):
 garbage-first heap   total 80896K, used 37276K [0x00000000c0000000, 0x0000000100000000)
  region size 1024K, 0 young (0K), 0 survivors (0K)
 Metaspace       used 61539K, committed 61952K, reserved 1114112K
  class space    used 7741K, committed 7936K, reserved 1048576K
}
Event: 18457.655 GC heap before
{Heap before GC invocations=1741 (full 1688):
 garbage-first heap   total 80896K, used 37276K [0x00000000c0000000, 0x0000000100000000)
  region size 1024K, 1 young (1024K), 0 survivors (0K)
 Metaspace       used 61539K, committed 61952K, reserved 1114112K
  class space    used 7741K, committed 7936K, reserved 1048576K
}
Event: 18457.770 GC heap after
{Heap after GC invocations=1742 (full 1689):
 garbage-first heap   total 80896K, used 37276K [0x00000000c0000000, 0x0000000100000000)
  region size 1024K, 0 young (0K), 0 survivors (0K)
 Metaspace       used 61539K, committed 61952K, reserved 1114112K
  class space    used 7741K, committed 7936K, reserved 1048576K
}
Event: 18468.968 GC heap before
{Heap before GC invocations=1742 (full 1689):
 garbage-first heap   total 80896K, used 37276K [0x00000000c0000000, 0x0000000100000000)
  region size 1024K, 1 young (1024K), 0 survivors (0K)
 Metaspace       used 61539K, committed 61952K, reserved 1114112K
  class space    used 7741K, committed 7936K, reserved 1048576K
}
Event: 18469.039 GC heap after
{Heap after GC invocations=1743 (full 1690):
 garbage-first heap   total 80896K, used 37276K [0x00000000c0000000, 0x0000000100000000)
  region size 1024K, 0 young (0K), 0 survivors (0K)
 Metaspace       used 61539K, committed 61952K, reserved 1114112K
  class space    used 7741K, committed 7936K, reserved 1048576K
}
Event: 18480.005 GC heap before
{Heap before GC invocations=1743 (full 1690):
 garbage-first heap   total 80896K, used 37276K [0x00000000c0000000, 0x0000000100000000)
  region size 1024K, 1 young (1024K), 0 survivors (0K)
 Metaspace       used 61539K, committed 61952K, reserved 1114112K
  class space    used 7741K, committed 7936K, reserved 1048576K
}
Event: 18480.437 GC heap after
{Heap after GC invocations=1744 (full 1691):
 garbage-first heap   total 80896K, used 37276K [0x00000000c0000000, 0x0000000100000000)
  region size 1024K, 0 young (0K), 0 survivors (0K)
 Metaspace       used 61539K, committed 61952K, reserved 1114112K
  class space    used 7741K, committed 7936K, reserved 1048576K
}
Event: 18490.768 GC heap before
{Heap before GC invocations=1744 (full 1691):
 garbage-first heap   total 80896K, used 37276K [0x00000000c0000000, 0x0000000100000000)
  region size 1024K, 1 young (1024K), 0 survivors (0K)
 Metaspace       used 61539K, committed 61952K, reserved 1114112K
  class space    used 7741K, committed 7936K, reserved 1048576K
}
Event: 18490.852 GC heap after
{Heap after GC invocations=1745 (full 1692):
 garbage-first heap   total 80896K, used 37276K [0x00000000c0000000, 0x0000000100000000)
  region size 1024K, 0 young (0K), 0 survivors (0K)
 Metaspace       used 61539K, committed 61952K, reserved 1114112K
  class space    used 7741K, committed 7936K, reserved 1048576K
}
Event: 18501.293 GC heap before
{Heap before GC invocations=1745 (full 1692):
 garbage-first heap   total 80896K, used 37276K [0x00000000c0000000, 0x0000000100000000)
  region size 1024K, 1 young (1024K), 0 survivors (0K)
 Metaspace       used 61539K, committed 61952K, reserved 1114112K
  class space    used 7741K, committed 7936K, reserved 1048576K
}
Event: 18501.369 GC heap after
{Heap after GC invocations=1746 (full 1693):
 garbage-first heap   total 80896K, used 37276K [0x00000000c0000000, 0x0000000100000000)
  region size 1024K, 0 young (0K), 0 survivors (0K)
 Metaspace       used 61539K, committed 61952K, reserved 1114112K
  class space    used 7741K, committed 7936K, reserved 1048576K
}
Event: 18511.948 GC heap before
{Heap before GC invocations=1746 (full 1693):
 garbage-first heap   total 80896K, used 37276K [0x00000000c0000000, 0x0000000100000000)
  region size 1024K, 1 young (1024K), 0 survivors (0K)
 Metaspace       used 61539K, committed 61952K, reserved 1114112K
  class space    used 7741K, committed 7936K, reserved 1048576K
}
Event: 18512.037 GC heap after
{Heap after GC invocations=1747 (full 1694):
 garbage-first heap   total 80896K, used 37276K [0x00000000c0000000, 0x0000000100000000)
  region size 1024K, 0 young (0K), 0 survivors (0K)
 Metaspace       used 61539K, committed 61952K, reserved 1114112K
  class space    used 7741K, committed 7936K, reserved 1048576K
}
Event: 18523.371 GC heap before
{Heap before GC invocations=1747 (full 1694):
 garbage-first heap   total 80896K, used 37276K [0x00000000c0000000, 0x0000000100000000)
  region size 1024K, 1 young (1024K), 0 survivors (0K)
 Metaspace       used 61539K, committed 61952K, reserved 1114112K
  class space    used 7741K, committed 7936K, reserved 1048576K
}
Event: 18523.435 GC heap after
{Heap after GC invocations=1748 (full 1695):
 garbage-first heap   total 80896K, used 37276K [0x00000000c0000000, 0x0000000100000000)
  region size 1024K, 0 young (0K), 0 survivors (0K)
 Metaspace       used 61539K, committed 61952K, reserved 1114112K
  class space    used 7741K, committed 7936K, reserved 1048576K
}

